\BOOKMARK [1][-]{section*.1}{Introduction}{}% 1
\BOOKMARK [2][-]{section*.2}{Performance Measurement}{section*.1}% 2
\BOOKMARK [1][-]{section*.3}{Na\357ve Search}{}% 3
\BOOKMARK [2][-]{section*.4}{Algorithm}{section*.3}% 4
\BOOKMARK [2][-]{section*.5}{Performance}{section*.3}% 5
\BOOKMARK [3][-]{section*.6}{Time}{section*.5}% 6
\BOOKMARK [2][-]{section*.7}{Iterations}{section*.3}% 7
\BOOKMARK [2][-]{section*.8}{Complexity}{section*.3}% 8
\BOOKMARK [1][-]{section*.9}{Knuth-Morris-Pratt algorithm}{}% 9
\BOOKMARK [2][-]{section*.10}{Algorithm}{section*.9}% 10
\BOOKMARK [3][-]{section*.11}{Preprocessing Stage}{section*.10}% 11
\BOOKMARK [2][-]{section*.12}{Performance}{section*.9}% 12
\BOOKMARK [3][-]{section*.13}{Time}{section*.12}% 13
\BOOKMARK [3][-]{section*.14}{Iterations}{section*.12}% 14
\BOOKMARK [2][-]{section*.15}{Complexity}{section*.9}% 15
\BOOKMARK [2][-]{section*.16}{Conclusions}{section*.9}% 16
\BOOKMARK [1][-]{section*.17}{Boyer-Moore Algorithm}{}% 17
\BOOKMARK [2][-]{section*.18}{Algorithm}{section*.17}% 18
\BOOKMARK [3][-]{section*.19}{Preprocessing Stage}{section*.18}% 19
\BOOKMARK [2][-]{section*.20}{Performance}{section*.17}% 20
\BOOKMARK [3][-]{section*.21}{Time}{section*.20}% 21
\BOOKMARK [3][-]{section*.22}{Iterations}{section*.20}% 22
\BOOKMARK [2][-]{section*.23}{Complexity}{section*.17}% 23
\BOOKMARK [1][-]{section*.24}{Conclusion}{}% 24
